{"error":"Cannot read properties of undefined (reading 'constructEvent')","level":"error","message":"Webhook Error","timestamp":"2025-06-25T22:50:19.698Z"}
{"error":"Cannot read properties of undefined (reading 'constructEvent')","level":"error","message":"Webhook Error","timestamp":"2025-06-25T22:51:29.236Z"}
{"error":"Cannot read properties of undefined (reading 'type')","level":"error","message":"Webhook Error","timestamp":"2025-06-25T22:51:48.677Z"}
{"error":"Cannot read properties of undefined (reading 'type')","level":"error","message":"Webhook Error","timestamp":"2025-06-25T22:52:02.651Z"}
{"level":"info","message":"Referral signup processed","referredId":"6a2ece3371bb879271aea5a3","referrerId":"6a2ece325c9ab8500ac64e5a","timestamp":"2026-06-14T15:52:20.318Z"}
{"level":"info","message":"[delegation] grant created account=owner1 grantee=grantee1 email=fixtergeek@gmail.com scopes=machines","timestamp":"2026-06-24T13:53:39.124Z"}
{"level":"info","message":"[delegation] grant created account=owner1 grantee=grantee1 email=fixtergeek@gmail.com scopes=machines","timestamp":"2026-06-24T13:53:39.127Z"}
{"level":"info","message":"[delegation] grant created account=owner1 grantee=grantee1 email=fixtergeek@gmail.com scopes=machines","timestamp":"2026-06-24T13:53:39.129Z"}
{"level":"info","message":"[delegation] grant updated account=owner1 grantee=grantee1 email=fixtergeek@gmail.com scopes=machines,files","timestamp":"2026-06-24T13:53:39.129Z"}
{"level":"info","message":"[delegation] grant created account=owner1 grantee=grantee1 email=fixtergeek@gmail.com scopes=machines","timestamp":"2026-06-24T13:53:39.132Z"}
{"level":"info","message":"[delegation] revoke(all) account=owner1 grantee=grantee1 email=fixtergeek@gmail.com","timestamp":"2026-06-24T13:53:39.133Z"}
{"level":"info","message":"[delegation] grant created account=owner1 grantee=grantee1 email=fixtergeek@gmail.com scopes=machines,files","timestamp":"2026-06-24T13:53:39.134Z"}
{"level":"info","message":"[delegation] revoke account=owner1 grantee=grantee1 email=fixtergeek@gmail.com remaining=machines","timestamp":"2026-06-24T13:53:39.135Z"}
{"level":"info","message":"[delegation] grant created account=owner1 grantee=grantee1 email=fixtergeek@gmail.com scopes=machines","timestamp":"2026-06-24T13:53:39.135Z"}
{"level":"info","message":"[delegation] grant created account=owner1 grantee=grantee1 email=fixtergeek@gmail.com scopes=machines","timestamp":"2026-06-25T01:11:35.555Z"}
{"level":"info","message":"[delegation] grant created account=owner1 grantee=grantee1 email=fixtergeek@gmail.com scopes=machines","timestamp":"2026-06-25T01:11:35.556Z"}
{"level":"info","message":"[delegation] grant created account=owner1 grantee=grantee1 email=fixtergeek@gmail.com scopes=machines","timestamp":"2026-06-25T01:11:35.557Z"}
{"level":"info","message":"[delegation] grant updated account=owner1 grantee=grantee1 email=fixtergeek@gmail.com scopes=machines,files","timestamp":"2026-06-25T01:11:35.558Z"}
{"level":"info","message":"[delegation] grant created account=owner1 grantee=grantee1 email=fixtergeek@gmail.com scopes=machines","timestamp":"2026-06-25T01:11:35.561Z"}
{"level":"info","message":"[delegation] revoke(all) account=owner1 grantee=grantee1 email=fixtergeek@gmail.com","timestamp":"2026-06-25T01:11:35.561Z"}
{"level":"info","message":"[delegation] grant created account=owner1 grantee=grantee1 email=fixtergeek@gmail.com scopes=machines,files","timestamp":"2026-06-25T01:11:35.561Z"}
{"level":"info","message":"[delegation] revoke account=owner1 grantee=grantee1 email=fixtergeek@gmail.com remaining=machines","timestamp":"2026-06-25T01:11:35.562Z"}
{"level":"info","message":"[delegation] grant created account=owner1 grantee=grantee1 email=fixtergeek@gmail.com scopes=machines","timestamp":"2026-06-25T01:11:35.562Z"}
